<?xml version="1.0" encoding="UTF-8"?>
<testsuite xmlns:xsi="http://www.w3.org/2001/XMLSchema-instance" xsi:noNamespaceSchemaLocation="https://maven.apache.org/surefire/maven-surefire-plugin/xsd/surefire-test-report-3.0.xsd" version="3.0" name="runner.TestRunner" time="3.17" tests="2" errors="0" skipped="0" failures="0">
  <properties>
[...]
</properties>
  <testcase name="Verify GET for Product Data" classname="Execute E2E Functionality for API Testing" time="2.832">
    <system-out><![CDATA[
@smoketest
Scenario Outline: Verify GET for Product Data                                       # src/test/resources/Features/E2E_API_Test.feature:17
  Given I have API Testing with ID "view" for "https://abc.tmc.gov.in/product_app/" # stepDefination.apiProduct.i_have_api_testing_with_id_for(java.lang.String,java.lang.String)
  When I get the Product Information                                                # stepDefination.apiProduct.i_get_the_product_information()
Status code is 200
  Then I validate the status code "200"                                             # stepDefination.apiProduct.i_validate_the_status_code(java.lang.String)
ID:1,Product Name:Samsung 1 
ID:2,Product Name:Samsung 2
ID:3,Product Name:Samsung 3
ID:4,Product Name:Samsung 1T
ID:5,Product Name:Samsung 2T
ID:6,Product Name:Samsung 3T
  And I validate product Id and Description                                         # stepDefination.apiProduct.i_validate_product_id_and_description()
]]></system-out>
  </testcase>
  <testcase name="Verify  POST for Product Data" classname="Execute E2E Functionality for API Testing" time="0.079">
    <system-out><![CDATA[
@smoketest
Scenario Outline: Verify  POST for Product Data                           # src/test/resources/Features/E2E_API_Test.feature:27
  Given I have base "https://abc.tmc.gov.in/product_app/" URL             # stepDefination.apiProduct.i_have_base_url_for_api_testing_with_id(java.lang.String)
The status received: HTTP/1.1 200 OK
  When I will add new Product "One Plus"  "Tablet" "One Plus Tab" "50000" # stepDefination.apiProduct.i_will_add_new_product(java.lang.String,java.lang.String,java.lang.String,java.lang.String)
Status code is 200
  Then I validate the status code "200"                                   # stepDefination.apiProduct.i_validate_the_status_code(java.lang.String)
]]></system-out>
  </testcase>
</testsuite>